C51 COMPILER V9.57.0.0   IR_RECEIVED                                                       06/14/2020 21:10:44 PAGE 1   


C51 COMPILER V9.57.0.0, COMPILATION OF MODULE IR_RECEIVED
OBJECT MODULE PLACED IN ..\OUTPUT\IR Received.obj
COMPILER INVOKED BY: C:\Keil_v5\MDK\C51\BIN\C51.EXE ..\FUN\IR Received.c OPTIMIZE(8,SPEED) BROWSE INCDIR(..\FUN) DEBUG O
                    -BJECTEXTEND PRINT(.\Listings\IR Received.lst) TABS(2) OBJECT(..\OUTPUT\IR Received.obj)

line level    source

   1          
   2          #include "IR Received.h"
   3          
   4          #include <STC12C5A60S2.H>
   5          sbit IR_INPUT = P3^2; 
   6          
   7          unsigned char xdata ircode[4];
   8          bit irflag;
   9          
  10          void InitInfrared()
  11          { 
  12   1        IR_INPUT = 1;
  13   1        TMOD &= 0X0F;
  14   1        TMOD |= 0x10;
  15   1        TR1 = 0;
  16   1        ET1 = 0;
  17   1        IT0 = 1;
  18   1        EX0 = 1;
  19   1      }
  20          unsigned int GetHighTime()
  21          {
  22   1        TH1 = 0;
  23   1        TL1 = 0;
  24   1        TR1 = 1;
  25   1        while(IR_INPUT)
  26   1        {
  27   2          if(TH1 > 0xC2)
  28   2          {
  29   3            break;
  30   3          }
  31   2        }
  32   1        TR1 = 0;
  33   1      
  34   1        return(TH1 * 256 + TL1);
  35   1      }
  36          
  37          unsigned int GetLowTime()
  38          {
  39   1        TH1 = 0;
  40   1        TL1 = 0;
  41   1        TR1 = 1;
  42   1        while(!IR_INPUT)
  43   1        {
  44   2          if(TH1 > 0xC2)
  45   2          {
  46   3            break;
  47   3          }
  48   2        }
  49   1        TR1 = 0;
  50   1      
  51   1        return(TH1 * 256 + TL1);
  52   1      }
  53          
  54          
C51 COMPILER V9.57.0.0   IR_RECEIVED                                                       06/14/2020 21:10:44 PAGE 2   

  55          void EXINT0_IR() interrupt 0
  56          {
  57   1        unsigned char i, j;
  58   1        unsigned int time;
  59   1        unsigned char byt;
  60   1      
  61   1        time = GetLowTime();
  62   1        if((time <23500) || (time > 26265))    
  63   1        {
  64   2          IE0 = 0;
  65   2          return; 
  66   2        }
  67   1      
  68   1        time = GetHighTime();
  69   1        if((time<11059) || (time > 13824))
  70   1        {
  71   2          IE0 = 0;
  72   2          return;
  73   2        }
  74   1        for(i=0; i<4; i++)
  75   1        {
  76   2          for(j=0; j<8; j++)
  77   2          {
  78   3            time = GetLowTime();
  79   3            if((time<940) ||(time >2157))
  80   3            {
  81   4              IE0 = 0;
  82   4              return;
  83   4            }
  84   3            time = GetHighTime();
  85   3            if((time>940) && (time <2157))
  86   3            {
  87   4              byt >>= 1;  
  88   4            }
  89   3            else if((time>4037) && (time<5253))
  90   3            {
  91   4              byt >>= 1;
  92   4              byt |= 0x80;
  93   4            }
  94   3            else
  95   3            {
  96   4              IE0 = 0;
  97   4              return;
  98   4            }
  99   3          }
 100   2          ircode[i] = byt;
 101   2        }
 102   1        IE0 = 0;
 103   1        irflag=1;
 104   1      }
 105          


MODULE INFORMATION:   STATIC OVERLAYABLE
   CODE SIZE        =    295    ----
   CONSTANT SIZE    =   ----    ----
   XDATA SIZE       =      4    ----
   PDATA SIZE       =   ----    ----
   DATA SIZE        =   ----    ----
   IDATA SIZE       =   ----    ----
   BIT SIZE         =      1    ----
END OF MODULE INFORMATION.

C51 COMPILER V9.57.0.0   IR_RECEIVED                                                       06/14/2020 21:10:44 PAGE 3   


C51 COMPILATION COMPLETE.  0 WARNING(S),  0 ERROR(S)
