C51 COMPILER V9.57.0.0   KEY                                                               06/27/2020 22:52:51 PAGE 1   


C51 COMPILER V9.57.0.0, COMPILATION OF MODULE KEY
OBJECT MODULE PLACED IN ..\OUTPUT\key.obj
COMPILER INVOKED BY: C:\Keil_v5\MDK\C51\BIN\C51.EXE ..\FUN\key.c OPTIMIZE(8,SPEED) BROWSE INCDIR(..\FUN) DEBUG OBJECTEXT
                    -END PRINT(.\Listings\key.lst) TABS(2) OBJECT(..\OUTPUT\key.obj)

line level    source

   1          #include "key.h"
   2          
   3          extern void keyaction(unsigned char keycode);
   4          
   5          unsigned char xdata keysta[4][4] = {
   6           {1, 1, 1, 1}, {1, 1, 1, 1}, {1, 1, 1, 1}, {1, 1, 1, 1}};
   7          unsigned char code keycodemap[4][4] = {
   8            { 1, 2, 3, 'u' },
   9            { 4, 5, 6, 'l' },
  10            { 7, 8, 9, 'd' },
  11            { 0, 'e', 'n', 'r' }
  12          };
  13          
  14          void keyscan()
  15          {
  16   1        unsigned char i;
  17   1        static unsigned char keyout=0;
  18   1        static unsigned char xdata keybuf[4][4]={
  19   1        {0xff,0xff,0xff,0xff},{0xff,0xff,0xff,0xff},
  20   1        {0xff,0xff,0xff,0xff},{0xff,0xff,0xff,0xff}
  21   1        };
  22   1        keyout=keyout&0x03;
  23   1        switch(keyout)
  24   1        {
  25   2          case 0: P2=0x7f;break;
  26   2          case 1: P2=0xbf;break;
  27   2          case 2: P2=0xdf;break;
  28   2          case 3: P2=0xef;break;
  29   2          default:break;
  30   2        }
  31   1        keybuf[keyout][0]=(keybuf[keyout][0]<<1)|P20;
  32   1        keybuf[keyout][1]=(keybuf[keyout][1]<<1)|P21;
  33   1        keybuf[keyout][2]=(keybuf[keyout][2]<<1)|P22;
  34   1        keybuf[keyout][3]=(keybuf[keyout][3]<<1)|P23;
  35   1        for(i=0;i<4;i++)
  36   1        {
  37   2          if((keybuf[keyout][i]&0x0f)==0x00)
  38   2          {
  39   3            keysta[keyout][i]=0;
  40   3          }
  41   2          else if((keybuf[keyout][i]&0x0f)==0x0f)
  42   2          {
  43   3            keysta[keyout][i]=1;
  44   3          }
  45   2        }
  46   1        keyout++;
  47   1      }
  48          
  49          
  50          void keydriver()
  51          {
  52   1        unsigned char i, j;
  53   1        static unsigned char xdata backup[4][4] = {
  54   1        {1, 1, 1, 1}, {1, 1, 1, 1}, {1, 1, 1, 1}, {1, 1, 1, 1}
C51 COMPILER V9.57.0.0   KEY                                                               06/27/2020 22:52:51 PAGE 2   

  55   1        };
  56   1        for (i=0; i<4; i++)
  57   1        {
  58   2          for (j=0; j<4; j++)
  59   2          {
  60   3            if (backup[i][j] !=keysta[i][j])
  61   3            {
  62   4              if (backup[i][j] == 0)
  63   4              {
  64   5                keyaction(keycodemap[i][j]);
  65   5              }
  66   4              backup[i][j] = keysta[i][j];
  67   4            }
  68   3          }
  69   2        }
  70   1      }
  71          


MODULE INFORMATION:   STATIC OVERLAYABLE
   CODE SIZE        =    485    ----
   CONSTANT SIZE    =     16    ----
   XDATA SIZE       =     48    ----
   PDATA SIZE       =   ----    ----
   DATA SIZE        =      1       2
   IDATA SIZE       =   ----    ----
   BIT SIZE         =   ----    ----
END OF MODULE INFORMATION.


C51 COMPILATION COMPLETE.  0 WARNING(S),  0 ERROR(S)
