C51 COMPILER V9.57.0.0   LCD1602                                                           06/27/2020 22:52:51 PAGE 1   


C51 COMPILER V9.57.0.0, COMPILATION OF MODULE LCD1602
OBJECT MODULE PLACED IN ..\OUTPUT\lcd1602.obj
COMPILER INVOKED BY: C:\Keil_v5\MDK\C51\BIN\C51.EXE ..\FUN\lcd1602.c OPTIMIZE(8,SPEED) BROWSE INCDIR(..\FUN) DEBUG OBJEC
                    -TEXTEND PRINT(.\Listings\lcd1602.lst) TABS(2) OBJECT(..\OUTPUT\lcd1602.obj)

line level    source

   1          #include "lcd1602.h"
   2          
   3          void delay()//300ns
   4          {
   5   1        
   6   1      }
   7            
   8          void LcdWaitReady()
   9          {
  10   1       unsigned char sta;
  11   1       
  12   1       LCD1602_DB = 0xFF;
  13   1       LCD1602_RS = 0;
  14   1       LCD1602_RW = 1;
  15   1       do {
  16   2       LCD1602_E = 1;
  17   2       sta = LCD1602_DB; 
  18   2        delay();
  19   2       LCD1602_E = 0;
  20   2       } while (sta & 0x80); 
  21   1      }
  22          
  23          void LcdWriteCmd(unsigned char cmd)
  24          {
  25   1       LcdWaitReady();
  26   1       LCD1602_RS = 0;
  27   1       LCD1602_RW = 0;
  28   1       LCD1602_DB = cmd;
  29   1        delay();
  30   1       LCD1602_E = 1;
  31   1        delay();
  32   1       LCD1602_E = 0;
  33   1        delay();
  34   1      }
  35          
  36          void LcdWriteDat(unsigned char dat)
  37          {
  38   1       LcdWaitReady();
  39   1       LCD1602_RS = 1;
  40   1       LCD1602_RW = 0;
  41   1       LCD1602_DB = dat;
  42   1        delay();
  43   1       LCD1602_E = 1;
  44   1        delay();
  45   1       LCD1602_E = 0;
  46   1        delay();
  47   1      }
  48          
  49          void LcdSetCursor(unsigned char x, unsigned char y)
  50          {
  51   1       unsigned char addr;
  52   1       EA=0;
  53   1       if (y == 0) //
  54   1       addr = 0x00 + x; //
C51 COMPILER V9.57.0.0   LCD1602                                                           06/27/2020 22:52:51 PAGE 2   

  55   1       else
  56   1       addr = 0x40 + x; //
  57   1       LcdWriteCmd(addr | 0x80); //
  58   1       EA=1;
  59   1      }
  60          
  61          void LcdShowStr(unsigned char x, unsigned char y, unsigned char *str)
  62          {
  63   1        EA=0;
  64   1       LcdSetCursor(x, y); //
  65   1       while(*str!='\0') //
  66   1       {
  67   2       LcdWriteDat(*str++);
  68   2       }
  69   1       EA=1;
  70   1      }
  71          void LcdAreaClean(unsigned char x, unsigned char y, unsigned char len)
  72           {
  73   1         EA=0;
  74   1         LcdSetCursor(x,y);
  75   1         while(len--)
  76   1         {
  77   2           LcdWriteDat(' ');
  78   2         }
  79   1         EA=1;
  80   1       }
  81           void LcdFullClean()
  82           {
  83   1         EA=0;
  84   1         LcdWriteCmd(0x01);
  85   1         EA=1;
  86   1       }
  87          
  88          void InitLcd1602()
  89          {
  90   1       LcdWriteCmd(0x38); //
  91   1       LcdWriteCmd(0x0C); //开光标不闪烁
  92   1       LcdWriteCmd(0x06); 
  93   1       LcdWriteCmd(0x01); 
  94   1      }


MODULE INFORMATION:   STATIC OVERLAYABLE
   CODE SIZE        =    179    ----
   CONSTANT SIZE    =   ----    ----
   XDATA SIZE       =   ----    ----
   PDATA SIZE       =   ----    ----
   DATA SIZE        =   ----       3
   IDATA SIZE       =   ----    ----
   BIT SIZE         =   ----    ----
END OF MODULE INFORMATION.


C51 COMPILATION COMPLETE.  0 WARNING(S),  0 ERROR(S)
