C51 COMPILER V9.57.0.0   LED                                                               06/27/2020 22:52:52 PAGE 1   


C51 COMPILER V9.57.0.0, COMPILATION OF MODULE LED
OBJECT MODULE PLACED IN ..\OUTPUT\led.obj
COMPILER INVOKED BY: C:\Keil_v5\MDK\C51\BIN\C51.EXE ..\FUN\led.c OPTIMIZE(8,SPEED) BROWSE INCDIR(..\FUN) DEBUG OBJECTEXT
                    -END PRINT(.\Listings\led.lst) TABS(2) OBJECT(..\OUTPUT\led.obj)

line level    source

   1          #include "led.h"
   2          
   3          #include <STC12C5A60S2.H>
   4          unsigned char code ledchar[]={
   5            0xC0,0xF9,0xA4,0xB0,
   6            0x99,0x92,0x82,0xF8,
   7            0x80,0x90,0x88,0x83,
   8            0xC6,0xA1,0x86,0x8E
   9          };
  10          unsigned char xdata ledbuff[2] = {
  11            0xFF,0xFF};
  12          
  13          //extern unsigned char xdata Timer;
  14          void ledscan()
  15          {
  16   1        static unsigned char i = 0;
  17   1        P0 = 0xFF;
  18   1        P2 = (P2 & 0xF8) | i;
  19   1        P0 = ledbuff[i];
  20   1        if (i < 1)
  21   1        i++;
  22   1        else
  23   1        i = 0;
  24   1      }


MODULE INFORMATION:   STATIC OVERLAYABLE
   CODE SIZE        =     39    ----
   CONSTANT SIZE    =     16    ----
   XDATA SIZE       =      2    ----
   PDATA SIZE       =   ----    ----
   DATA SIZE        =      1    ----
   IDATA SIZE       =   ----    ----
   BIT SIZE         =   ----    ----
END OF MODULE INFORMATION.


C51 COMPILATION COMPLETE.  0 WARNING(S),  0 ERROR(S)
